0 info it worked if it ends with ok
1 verbose cli [ 'C:\\Program Files\\nodejs\\node.exe',
1 verbose cli   'C:\\Program Files\\nodejs\\node_modules\\npm\\bin\\npm-cli.js',
1 verbose cli   'run',
1 verbose cli   'test' ]
2 info using npm@3.10.10
3 info using node@v6.10.0
4 verbose run-script [ 'pretest', 'test', 'posttest' ]
5 info lifecycle Ridero-test-task@0.0.1~pretest: Ridero-test-task@0.0.1
6 silly lifecycle Ridero-test-task@0.0.1~pretest: no script for pretest, continuing
7 info lifecycle Ridero-test-task@0.0.1~test: Ridero-test-task@0.0.1
8 verbose lifecycle Ridero-test-task@0.0.1~test: unsafe-perm in lifecycle true
9 verbose lifecycle Ridero-test-task@0.0.1~test: PATH: C:\Program Files\nodejs\node_modules\npm\bin\node-gyp-bin;C:\Temp\Ridero\node_modules\.bin;C:\ProgramData\Oracle\Java\javapath;C:\Windows\system32;C:\Windows;C:\Windows\System32\Wbem;C:\Windows\System32\WindowsPowerShell\v1.0\;C:\Program Files\Common Files\Autodesk Shared\;C:\Program Files (x86)\Brackets\command;C:\Program Files (x86)\NVIDIA Corporation\PhysX\Common;C:\Program Files (x86)\Skype\Phone\;C:\Program Files\nodejs\;C:\Program Files\Docker Toolbox;C:\Program Files (x86)\Microsoft VS Code\bin;C:\Users\Constr\AppData\Roaming\npm
10 verbose lifecycle Ridero-test-task@0.0.1~test: CWD: C:\Temp\Ridero
11 silly lifecycle Ridero-test-task@0.0.1~test: Args: [ '/d /s /c', 'mocha-webpack --growl' ]
12 silly lifecycle Ridero-test-task@0.0.1~test: Returned: code: 1  signal: null
13 info lifecycle Ridero-test-task@0.0.1~test: Failed to exec test script
14 verbose stack Error: Ridero-test-task@0.0.1 test: `mocha-webpack --growl`
14 verbose stack Exit status 1
14 verbose stack     at EventEmitter.<anonymous> (C:\Program Files\nodejs\node_modules\npm\lib\utils\lifecycle.js:255:16)
14 verbose stack     at emitTwo (events.js:106:13)
14 verbose stack     at EventEmitter.emit (events.js:191:7)
14 verbose stack     at ChildProcess.<anonymous> (C:\Program Files\nodejs\node_modules\npm\lib\utils\spawn.js:40:14)
14 verbose stack     at emitTwo (events.js:106:13)
14 verbose stack     at ChildProcess.emit (events.js:191:7)
14 verbose stack     at maybeClose (internal/child_process.js:877:16)
14 verbose stack     at Process.ChildProcess._handle.onexit (internal/child_process.js:226:5)
15 verbose pkgid Ridero-test-task@0.0.1
16 verbose cwd C:\Temp\Ridero\src
17 error Windows_NT 6.1.7601
18 error argv "C:\\Program Files\\nodejs\\node.exe" "C:\\Program Files\\nodejs\\node_modules\\npm\\bin\\npm-cli.js" "run" "test"
19 error node v6.10.0
20 error npm  v3.10.10
21 error code ELIFECYCLE
22 error Ridero-test-task@0.0.1 test: `mocha-webpack --growl`
22 error Exit status 1
23 error Failed at the Ridero-test-task@0.0.1 test script 'mocha-webpack --growl'.
23 error Make sure you have the latest version of node.js and npm installed.
23 error If you do, this is most likely a problem with the Ridero-test-task package,
23 error not with npm itself.
23 error Tell the author that this fails on your system:
23 error     mocha-webpack --growl
23 error You can get information on how to open an issue for this project with:
23 error     npm bugs Ridero-test-task
23 error Or if that isn't available, you can get their info via:
23 error     npm owner ls Ridero-test-task
23 error There is likely additional logging output above.
24 verbose exit [ 1, true ]
